
Predictions for first 5 samples:

Sample 1:
fuel_U238: -1.631097
fuel_Pu236: -0.995933
fuel_Pu238: 1.060220
fuel_Pu239: 1.792461
fuel_Pu240: 1.498651
fuel_Pu241: 0.370746
fuel_Pu242: 0.922327
fuel_Pu244: 0.644881
fuel_Am241: 2.974096
fuel_Cm242: -0.783433
fuel_Cm244: 0.410670
fuel_Cm246: 0.498244
fuel_Cm248: 0.340912
fuel_Cm250: 0.244339
fuel_Bk249: -0.278074
fuel_TOT_GS: -0.785013
fuel_TOT_DH: -1.060214
fuel_TOT_A: -0.969813

Sample 2:
fuel_U238: -0.052557
fuel_Pu236: 1.043890
fuel_Pu238: 0.707614
fuel_Pu239: 0.968788
fuel_Pu240: 0.874633
fuel_Pu241: 0.972020
fuel_Pu242: 0.534033
fuel_Pu244: 0.182367
fuel_Am241: 0.228118
fuel_Cm242: 1.300167
fuel_Cm244: 0.249443
fuel_Cm246: -0.034566
fuel_Cm248: -0.128848
fuel_Cm250: -0.161087
fuel_Bk249: 0.005036
fuel_TOT_GS: 0.968794
fuel_TOT_DH: 1.078808
fuel_TOT_A: 1.038840

Sample 3:
fuel_U238: 0.677773
fuel_Pu236: -0.490149
fuel_Pu238: -0.636670
fuel_Pu239: -1.543694
fuel_Pu240: -1.015171
fuel_Pu241: -0.743732
fuel_Pu242: -0.454964
fuel_Pu244: -0.303767
fuel_Am241: -0.545008
fuel_Cm242: -0.318199
fuel_Cm244: -0.299245
fuel_Cm246: -0.242817
fuel_Cm248: -0.202846
fuel_Cm250: -0.169192
fuel_Bk249: -0.086984
fuel_TOT_GS: 0.849586
fuel_TOT_DH: 0.567196
fuel_TOT_A: 0.606536

Sample 4:
fuel_U238: -0.915114
fuel_Pu236: -0.672330
fuel_Pu238: 0.235536
fuel_Pu239: 0.902900
fuel_Pu240: 0.575428
fuel_Pu241: -0.149929
fuel_Pu242: 0.140027
fuel_Pu244: 0.086884
fuel_Am241: 1.390318
fuel_Cm242: -0.386263
fuel_Cm244: 0.029964
fuel_Cm246: 0.136049
fuel_Cm248: 0.137024
fuel_Cm250: 0.130784
fuel_Bk249: 0.059505
fuel_TOT_GS: -0.587802
fuel_TOT_DH: -0.791506
fuel_TOT_A: -0.689534

Sample 5:
fuel_U238: -1.134086
fuel_Pu236: -0.813210
fuel_Pu238: 0.376629
fuel_Pu239: 1.173774
fuel_Pu240: 0.787780
fuel_Pu241: -0.073219
fuel_Pu242: 0.272764
fuel_Pu244: 0.182536
fuel_Am241: 1.755166
fuel_Cm242: -0.482208
fuel_Cm244: 0.079428
fuel_Cm246: 0.208725
fuel_Cm248: 0.186686
fuel_Cm250: 0.163107
fuel_Bk249: -0.050420
fuel_TOT_GS: -0.627369
fuel_TOT_DH: -0.850116
fuel_TOT_A: -0.752763
