Running simulations with pu240source.py...
Running simulation...
                                %%%%%%%%%%%%%%%
                           %%%%%%%%%%%%%%%%%%%%%%%%
                        %%%%%%%%%%%%%%%%%%%%%%%%%%%%%%
                      %%%%%%%%%%%%%%%%%%%%%%%%%%%%%%%%%%
                    %%%%%%%%%%%%%%%%%%%%%%%%%%%%%%%%%%%%%%
                   %%%%%%%%%%%%%%%%%%%%%%%%%%%%%%%%%%%%%%%%
                                    %%%%%%%%%%%%%%%%%%%%%%%%
                                     %%%%%%%%%%%%%%%%%%%%%%%%
                 ###############      %%%%%%%%%%%%%%%%%%%%%%%%
                ##################     %%%%%%%%%%%%%%%%%%%%%%%
                ###################     %%%%%%%%%%%%%%%%%%%%%%%
                ####################     %%%%%%%%%%%%%%%%%%%%%%
                #####################     %%%%%%%%%%%%%%%%%%%%%
                ######################     %%%%%%%%%%%%%%%%%%%%
                #######################     %%%%%%%%%%%%%%%%%%
                 #######################     %%%%%%%%%%%%%%%%%
                 ######################     %%%%%%%%%%%%%%%%%
                  ####################     %%%%%%%%%%%%%%%%%
                    #################     %%%%%%%%%%%%%%%%%
                     ###############     %%%%%%%%%%%%%%%%
                       ############     %%%%%%%%%%%%%%%
                          ########     %%%%%%%%%%%%%%
                                      %%%%%%%%%%%

                 | The OpenMC Monte Carlo Code
       Copyright | 2011-2024 MIT, UChicago Argonne LLC, and contributors
         License | https://docs.openmc.org/en/latest/license.html
         Version | 0.15.0
        Git SHA1 | 55b52b7ef3c9415ce045712132bf31c2a013d8c8
       Date/Time | 2025-03-06 21:34:22
   MPI Processes | 1
  OpenMP Threads | 4

 Reading model XML file 'model.xml' ...
 Reading cross sections XML file...
 Reading Pu240 from /root/nndc_hdf5/Pu240.h5
 Reading H1 from /root/nndc_hdf5/H1.h5
 Reading H2 from /root/nndc_hdf5/H2.h5
 Reading C0 from /root/nndc_hdf5/C0.h5
 Minimum neutron data temperature: 294 K
 Maximum neutron data temperature: 294 K
 Preparing distributed cell instances...
 Writing summary.h5 file...
 Maximum neutron transport energy: 20000000 eV for H1

 ===============>     FIXED SOURCE TRANSPORT SIMULATION     <===============

 Simulating batch 1
 Simulating batch 2
 Simulating batch 3
 Simulating batch 4
 Simulating batch 5
 Simulating batch 6
 Simulating batch 7
 Simulating batch 8
 Simulating batch 9
 Simulating batch 10
 Simulating batch 11
 Simulating batch 12
 Simulating batch 13
 Simulating batch 14
 Simulating batch 15
 Simulating batch 16
 Simulating batch 17
 Simulating batch 18
 Simulating batch 19
 Simulating batch 20
 Simulating batch 21
 Simulating batch 22
 Simulating batch 23
 Simulating batch 24
 Simulating batch 25
 Simulating batch 26
 Simulating batch 27
 Simulating batch 28
 Simulating batch 29
 Simulating batch 30
 Simulating batch 31
 Simulating batch 32
 Simulating batch 33
 Simulating batch 34
 Simulating batch 35
 Simulating batch 36
 Simulating batch 37
 Simulating batch 38
 Simulating batch 39
 Simulating batch 40
 Simulating batch 41
 Simulating batch 42
 Simulating batch 43
 Simulating batch 44
 Simulating batch 45
 Simulating batch 46
 Simulating batch 47
 Simulating batch 48
 Simulating batch 49
 Simulating batch 50
 Simulating batch 51
 Simulating batch 52
 Simulating batch 53
 Simulating batch 54
 Simulating batch 55
 Simulating batch 56
 Simulating batch 57
 Simulating batch 58
 Simulating batch 59
 Simulating batch 60
 Simulating batch 61
 Simulating batch 62
 Simulating batch 63
 Simulating batch 64
 Simulating batch 65
 Simulating batch 66
 Simulating batch 67
 Simulating batch 68
 Simulating batch 69
 Simulating batch 70
 Simulating batch 71
 Simulating batch 72
 Simulating batch 73
 Simulating batch 74
 Simulating batch 75
 Simulating batch 76
 Simulating batch 77
 Simulating batch 78
 Simulating batch 79
 Simulating batch 80
 Simulating batch 81
 Simulating batch 82
 Simulating batch 83
 Simulating batch 84
 Simulating batch 85
 Simulating batch 86
 Simulating batch 87
 Simulating batch 88
 Simulating batch 89
 Simulating batch 90
 Simulating batch 91
 Simulating batch 92
 Simulating batch 93
 Simulating batch 94
 Simulating batch 95
 Simulating batch 96
 Simulating batch 97
 Simulating batch 98
 Simulating batch 99
 Simulating batch 100
 Creating state point statepoint.100.h5...

 =======================>     TIMING STATISTICS     <=======================

 Total time for initialization     = 1.3640e-01 seconds
   Reading cross sections          = 7.0646e-02 seconds
 Total time in simulation          = 5.5317e-02 seconds
   Time in transport only          = 4.7515e-02 seconds
   Time in active batches          = 5.5317e-02 seconds
   Time accumulating tallies       = 1.0849e-05 seconds
   Time writing statepoints        = 3.7674e-03 seconds
 Total time for finalization       = 4.0400e-06 seconds
 Total time elapsed                = 1.9400e-01 seconds
 Calculation Rate (active)         = 180777 particles/second

 ============================>     RESULTS     <============================

 Leakage Fraction            = 0.19360 +/- 0.00402

                                %%%%%%%%%%%%%%%
                           %%%%%%%%%%%%%%%%%%%%%%%%
                        %%%%%%%%%%%%%%%%%%%%%%%%%%%%%%
                      %%%%%%%%%%%%%%%%%%%%%%%%%%%%%%%%%%
                    %%%%%%%%%%%%%%%%%%%%%%%%%%%%%%%%%%%%%%
                   %%%%%%%%%%%%%%%%%%%%%%%%%%%%%%%%%%%%%%%%
                                    %%%%%%%%%%%%%%%%%%%%%%%%
                                     %%%%%%%%%%%%%%%%%%%%%%%%
                 ###############      %%%%%%%%%%%%%%%%%%%%%%%%
                ##################     %%%%%%%%%%%%%%%%%%%%%%%
                ###################     %%%%%%%%%%%%%%%%%%%%%%%
                ####################     %%%%%%%%%%%%%%%%%%%%%%
                #####################     %%%%%%%%%%%%%%%%%%%%%
                ######################     %%%%%%%%%%%%%%%%%%%%
                #######################     %%%%%%%%%%%%%%%%%%
                 #######################     %%%%%%%%%%%%%%%%%
                 ######################     %%%%%%%%%%%%%%%%%
                  ####################     %%%%%%%%%%%%%%%%%
                    #################     %%%%%%%%%%%%%%%%%
                     ###############     %%%%%%%%%%%%%%%%
                       ############     %%%%%%%%%%%%%%%
                          ########     %%%%%%%%%%%%%%
                                      %%%%%%%%%%%

                 | The OpenMC Monte Carlo Code
       Copyright | 2011-2024 MIT, UChicago Argonne LLC, and contributors
         License | https://docs.openmc.org/en/latest/license.html
         Version | 0.15.0
        Git SHA1 | 55b52b7ef3c9415ce045712132bf31c2a013d8c8
       Date/Time | 2025-03-06 21:34:23
   MPI Processes | 1
  OpenMP Threads | 4

 Reading model XML file 'model.xml' ...
 Reading cross sections XML file...
 Reading Pu240 from /root/nndc_hdf5/Pu240.h5
 Reading H1 from /root/nndc_hdf5/H1.h5
 Reading H2 from /root/nndc_hdf5/H2.h5
 Reading C0 from /root/nndc_hdf5/C0.h5
 Minimum neutron data temperature: 294 K
 Maximum neutron data temperature: 294 K
 Preparing distributed cell instances...
 Writing summary.h5 file...
 Maximum neutron transport energy: 20000000 eV for H1

 ===============>     FIXED SOURCE TRANSPORT SIMULATION     <===============

 Simulating batch 1
 Simulating batch 2
 Simulating batch 3
 Simulating batch 4
 Simulating batch 5
 Simulating batch 6
 Simulating batch 7
 Simulating batch 8
 Simulating batch 9
 Simulating batch 10
 Simulating batch 11
 Simulating batch 12
 Simulating batch 13
 Simulating batch 14
 Simulating batch 15
 Simulating batch 16
 Simulating batch 17
 Simulating batch 18
 Simulating batch 19
 Simulating batch 20
 Simulating batch 21
 Simulating batch 22
 Simulating batch 23
 Simulating batch 24
 Simulating batch 25
 Simulating batch 26
 Simulating batch 27
 Simulating batch 28
 Simulating batch 29
 Simulating batch 30
 Simulating batch 31
 Simulating batch 32
 Simulating batch 33
 Simulating batch 34
 Simulating batch 35
 Simulating batch 36
 Simulating batch 37
 Simulating batch 38
 Simulating batch 39
 Simulating batch 40
 Simulating batch 41
 Simulating batch 42
 Simulating batch 43
 Simulating batch 44
 Simulating batch 45
 Simulating batch 46
 Simulating batch 47
 Simulating batch 48
 Simulating batch 49
 Simulating batch 50
 Simulating batch 51
 Simulating batch 52
 Simulating batch 53
 Simulating batch 54
 Simulating batch 55
 Simulating batch 56
 Simulating batch 57
 Simulating batch 58
 Simulating batch 59
 Simulating batch 60
 Simulating batch 61
 Simulating batch 62
 Simulating batch 63
 Simulating batch 64
 Simulating batch 65
 Simulating batch 66
 Simulating batch 67
 Simulating batch 68
 Simulating batch 69
 Simulating batch 70
 Simulating batch 71
 Simulating batch 72
 Simulating batch 73
 Simulating batch 74
 Simulating batch 75
 Simulating batch 76
 Simulating batch 77
 Simulating batch 78
 Simulating batch 79
 Simulating batch 80
 Simulating batch 81
 Simulating batch 82
 Simulating batch 83
 Simulating batch 84
 Simulating batch 85
 Simulating batch 86
 Simulating batch 87
 Simulating batch 88
 Simulating batch 89
 Simulating batch 90
 Simulating batch 91
 Simulating batch 92
 Simulating batch 93
 Simulating batch 94
 Simulating batch 95
 Simulating batch 96
 Simulating batch 97
 Simulating batch 98
 Simulating batch 99
 Simulating batch 100
 Creating state point statepoint.100.h5...

 =======================>     TIMING STATISTICS     <=======================

 Total time for initialization     = 1.3219e-01 seconds
   Reading cross sections          = 7.0803e-02 seconds
 Total time in simulation          = 1.0394e-01 seconds
   Time in transport only          = 9.8106e-02 seconds
   Time in active batches          = 1.0394e-01 seconds
   Time accumulating tallies       = 1.9596e-05 seconds
   Time writing statepoints        = 2.5184e-03 seconds
 Total time for finalization       = 1.3911e-02 seconds
 Total time elapsed                = 2.5858e-01 seconds
 Calculation Rate (active)         = 96212.1 particles/second

 ============================>     RESULTS     <============================

 Leakage Fraction            = 0.19360 +/- 0.00402

Running simulation...
                                %%%%%%%%%%%%%%%
                           %%%%%%%%%%%%%%%%%%%%%%%%
                        %%%%%%%%%%%%%%%%%%%%%%%%%%%%%%
                      %%%%%%%%%%%%%%%%%%%%%%%%%%%%%%%%%%
                    %%%%%%%%%%%%%%%%%%%%%%%%%%%%%%%%%%%%%%
                   %%%%%%%%%%%%%%%%%%%%%%%%%%%%%%%%%%%%%%%%
                                    %%%%%%%%%%%%%%%%%%%%%%%%
                                     %%%%%%%%%%%%%%%%%%%%%%%%
                 ###############      %%%%%%%%%%%%%%%%%%%%%%%%
                ##################     %%%%%%%%%%%%%%%%%%%%%%%
                ###################     %%%%%%%%%%%%%%%%%%%%%%%
                ####################     %%%%%%%%%%%%%%%%%%%%%%
                #####################     %%%%%%%%%%%%%%%%%%%%%
                ######################     %%%%%%%%%%%%%%%%%%%%
                #######################     %%%%%%%%%%%%%%%%%%
                 #######################     %%%%%%%%%%%%%%%%%
                 ######################     %%%%%%%%%%%%%%%%%
                  ####################     %%%%%%%%%%%%%%%%%
                    #################     %%%%%%%%%%%%%%%%%
                     ###############     %%%%%%%%%%%%%%%%
                       ############     %%%%%%%%%%%%%%%
                          ########     %%%%%%%%%%%%%%
                                      %%%%%%%%%%%

                 | The OpenMC Monte Carlo Code
       Copyright | 2011-2024 MIT, UChicago Argonne LLC, and contributors
         License | https://docs.openmc.org/en/latest/license.html
         Version | 0.15.0
        Git SHA1 | 55b52b7ef3c9415ce045712132bf31c2a013d8c8
       Date/Time | 2025-03-06 21:34:29
   MPI Processes | 1
  OpenMP Threads | 4

 Reading model XML file 'model.xml' ...
 Reading cross sections XML file...
 Reading Pu240 from /root/nndc_hdf5/Pu240.h5
 Reading H1 from /root/nndc_hdf5/H1.h5
 Reading H2 from /root/nndc_hdf5/H2.h5
 Reading C0 from /root/nndc_hdf5/C0.h5
 Minimum neutron data temperature: 294 K
 Maximum neutron data temperature: 294 K
 Preparing distributed cell instances...
 Writing summary.h5 file...
 Maximum neutron transport energy: 20000000 eV for H1

 ===============>     FIXED SOURCE TRANSPORT SIMULATION     <===============

 Simulating batch 1
 Simulating batch 2
 Simulating batch 3
 Simulating batch 4
 Simulating batch 5
 Simulating batch 6
 Simulating batch 7
 Simulating batch 8
 Simulating batch 9
 Simulating batch 10
 Simulating batch 11
 Simulating batch 12
 Simulating batch 13
 Simulating batch 14
 Simulating batch 15
 Simulating batch 16
 Simulating batch 17
 Simulating batch 18
 Simulating batch 19
 Simulating batch 20
 Simulating batch 21
 Simulating batch 22
 Simulating batch 23
 Simulating batch 24
 Simulating batch 25
 Simulating batch 26
 Simulating batch 27
 Simulating batch 28
 Simulating batch 29
 Simulating batch 30
 Simulating batch 31
 Simulating batch 32
 Simulating batch 33
 Simulating batch 34
 Simulating batch 35
 Simulating batch 36
 Simulating batch 37
 Simulating batch 38
 Simulating batch 39
 Simulating batch 40
 Simulating batch 41
 Simulating batch 42
 Simulating batch 43
 Simulating batch 44
 Simulating batch 45
 Simulating batch 46
 Simulating batch 47
 Simulating batch 48
 Simulating batch 49
 Simulating batch 50
 Simulating batch 51
 Simulating batch 52
 Simulating batch 53
 Simulating batch 54
 Simulating batch 55
 Simulating batch 56
 Simulating batch 57
 Simulating batch 58
 Simulating batch 59
 Simulating batch 60
 Simulating batch 61
 Simulating batch 62
 Simulating batch 63
 Simulating batch 64
 Simulating batch 65
 Simulating batch 66
 Simulating batch 67
 Simulating batch 68
 Simulating batch 69
 Simulating batch 70
 Simulating batch 71
 Simulating batch 72
 Simulating batch 73
 Simulating batch 74
 Simulating batch 75
 Simulating batch 76
 Simulating batch 77
 Simulating batch 78
 Simulating batch 79
 Simulating batch 80
 Simulating batch 81
 Simulating batch 82
 Simulating batch 83
 Simulating batch 84
 Simulating batch 85
 Simulating batch 86
 Simulating batch 87
 Simulating batch 88
 Simulating batch 89
 Simulating batch 90
 Simulating batch 91
 Simulating batch 92
 Simulating batch 93
 Simulating batch 94
 Simulating batch 95
 Simulating batch 96
 Simulating batch 97
 Simulating batch 98
 Simulating batch 99
 Simulating batch 100
 Creating state point statepoint.100.h5...

 =======================>     TIMING STATISTICS     <=======================

 Total time for initialization     = 1.4015e-01 seconds
   Reading cross sections          = 7.2151e-02 seconds
 Total time in simulation          = 8.0181e-02 seconds
   Time in transport only          = 6.9433e-02 seconds
   Time in active batches          = 8.0181e-02 seconds
   Time accumulating tallies       = 9.3360e-06 seconds
   Time writing statepoints        = 2.5903e-03 seconds
 Total time for finalization       = 3.7550e-06 seconds
 Total time elapsed                = 2.2270e-01 seconds
 Calculation Rate (active)         = 124718 particles/second

 ============================>     RESULTS     <============================

 Leakage Fraction            = 0.13950 +/- 0.00354

                                %%%%%%%%%%%%%%%
                           %%%%%%%%%%%%%%%%%%%%%%%%
                        %%%%%%%%%%%%%%%%%%%%%%%%%%%%%%
                      %%%%%%%%%%%%%%%%%%%%%%%%%%%%%%%%%%
                    %%%%%%%%%%%%%%%%%%%%%%%%%%%%%%%%%%%%%%
                   %%%%%%%%%%%%%%%%%%%%%%%%%%%%%%%%%%%%%%%%
                                    %%%%%%%%%%%%%%%%%%%%%%%%
                                     %%%%%%%%%%%%%%%%%%%%%%%%
                 ###############      %%%%%%%%%%%%%%%%%%%%%%%%
                ##################     %%%%%%%%%%%%%%%%%%%%%%%
                ###################     %%%%%%%%%%%%%%%%%%%%%%%
                ####################     %%%%%%%%%%%%%%%%%%%%%%
                #####################     %%%%%%%%%%%%%%%%%%%%%
                ######################     %%%%%%%%%%%%%%%%%%%%
                #######################     %%%%%%%%%%%%%%%%%%
                 #######################     %%%%%%%%%%%%%%%%%
                 ######################     %%%%%%%%%%%%%%%%%
                  ####################     %%%%%%%%%%%%%%%%%
                    #################     %%%%%%%%%%%%%%%%%
                     ###############     %%%%%%%%%%%%%%%%
                       ############     %%%%%%%%%%%%%%%
                          ########     %%%%%%%%%%%%%%
                                      %%%%%%%%%%%

                 | The OpenMC Monte Carlo Code
       Copyright | 2011-2024 MIT, UChicago Argonne LLC, and contributors
         License | https://docs.openmc.org/en/latest/license.html
         Version | 0.15.0
        Git SHA1 | 55b52b7ef3c9415ce045712132bf31c2a013d8c8
       Date/Time | 2025-03-06 21:34:30
   MPI Processes | 1
  OpenMP Threads | 4

 Reading model XML file 'model.xml' ...
 Reading cross sections XML file...
 Reading Pu240 from /root/nndc_hdf5/Pu240.h5
 Reading H1 from /root/nndc_hdf5/H1.h5
 Reading H2 from /root/nndc_hdf5/H2.h5
 Reading C0 from /root/nndc_hdf5/C0.h5
 Minimum neutron data temperature: 294 K
 Maximum neutron data temperature: 294 K
 Preparing distributed cell instances...
 Writing summary.h5 file...
 Maximum neutron transport energy: 20000000 eV for H1

 ===============>     FIXED SOURCE TRANSPORT SIMULATION     <===============

 Simulating batch 1
 Simulating batch 2
 Simulating batch 3
 Simulating batch 4
 Simulating batch 5
 Simulating batch 6
 Simulating batch 7
 Simulating batch 8
 Simulating batch 9
 Simulating batch 10
 Simulating batch 11
 Simulating batch 12
 Simulating batch 13
 Simulating batch 14
 Simulating batch 15
 Simulating batch 16
 Simulating batch 17
 Simulating batch 18
 Simulating batch 19
 Simulating batch 20
 Simulating batch 21
 Simulating batch 22
 Simulating batch 23
 Simulating batch 24
 Simulating batch 25
 Simulating batch 26
 Simulating batch 27
 Simulating batch 28
 Simulating batch 29
 Simulating batch 30
 Simulating batch 31
 Simulating batch 32
 Simulating batch 33
 Simulating batch 34
 Simulating batch 35
 Simulating batch 36
 Simulating batch 37
 Simulating batch 38
 Simulating batch 39
 Simulating batch 40
 Simulating batch 41
 Simulating batch 42
 Simulating batch 43
 Simulating batch 44
 Simulating batch 45
 Simulating batch 46
 Simulating batch 47
 Simulating batch 48
 Simulating batch 49
 Simulating batch 50
 Simulating batch 51
 Simulating batch 52
 Simulating batch 53
 Simulating batch 54
 Simulating batch 55
 Simulating batch 56
 Simulating batch 57
 Simulating batch 58
 Simulating batch 59
 Simulating batch 60
 Simulating batch 61
 Simulating batch 62
 Simulating batch 63
 Simulating batch 64
 Simulating batch 65
 Simulating batch 66
 Simulating batch 67
 Simulating batch 68
 Simulating batch 69
 Simulating batch 70
 Simulating batch 71
 Simulating batch 72
 Simulating batch 73
 Simulating batch 74
 Simulating batch 75
 Simulating batch 76
 Simulating batch 77
 Simulating batch 78
 Simulating batch 79
 Simulating batch 80
 Simulating batch 81
 Simulating batch 82
 Simulating batch 83
 Simulating batch 84
 Simulating batch 85
 Simulating batch 86
 Simulating batch 87
 Simulating batch 88
 Simulating batch 89
 Simulating batch 90
 Simulating batch 91
 Simulating batch 92
 Simulating batch 93
 Simulating batch 94
 Simulating batch 95
 Simulating batch 96
 Simulating batch 97
 Simulating batch 98
 Simulating batch 99
 Simulating batch 100
 Creating state point statepoint.100.h5...

 =======================>     TIMING STATISTICS     <=======================

 Total time for initialization     = 1.6437e-01 seconds
   Reading cross sections          = 1.0159e-01 seconds
 Total time in simulation          = 8.5568e-02 seconds
   Time in transport only          = 8.0267e-02 seconds
   Time in active batches          = 8.5568e-02 seconds
   Time accumulating tallies       = 1.1118e-05 seconds
   Time writing statepoints        = 2.2793e-03 seconds
 Total time for finalization       = 1.2132e-02 seconds
 Total time elapsed                = 2.6635e-01 seconds
 Calculation Rate (active)         = 116866 particles/second

 ============================>     RESULTS     <============================

 Leakage Fraction            = 0.13950 +/- 0.00354

Running simulation...
                                %%%%%%%%%%%%%%%
                           %%%%%%%%%%%%%%%%%%%%%%%%
                        %%%%%%%%%%%%%%%%%%%%%%%%%%%%%%
                      %%%%%%%%%%%%%%%%%%%%%%%%%%%%%%%%%%
                    %%%%%%%%%%%%%%%%%%%%%%%%%%%%%%%%%%%%%%
                   %%%%%%%%%%%%%%%%%%%%%%%%%%%%%%%%%%%%%%%%
                                    %%%%%%%%%%%%%%%%%%%%%%%%
                                     %%%%%%%%%%%%%%%%%%%%%%%%
                 ###############      %%%%%%%%%%%%%%%%%%%%%%%%
                ##################     %%%%%%%%%%%%%%%%%%%%%%%
                ###################     %%%%%%%%%%%%%%%%%%%%%%%
                ####################     %%%%%%%%%%%%%%%%%%%%%%
                #####################     %%%%%%%%%%%%%%%%%%%%%
                ######################     %%%%%%%%%%%%%%%%%%%%
                #######################     %%%%%%%%%%%%%%%%%%
                 #######################     %%%%%%%%%%%%%%%%%
                 ######################     %%%%%%%%%%%%%%%%%
                  ####################     %%%%%%%%%%%%%%%%%
                    #################     %%%%%%%%%%%%%%%%%
                     ###############     %%%%%%%%%%%%%%%%
                       ############     %%%%%%%%%%%%%%%
                          ########     %%%%%%%%%%%%%%
                                      %%%%%%%%%%%

                 | The OpenMC Monte Carlo Code
       Copyright | 2011-2024 MIT, UChicago Argonne LLC, and contributors
         License | https://docs.openmc.org/en/latest/license.html
         Version | 0.15.0
        Git SHA1 | 55b52b7ef3c9415ce045712132bf31c2a013d8c8
       Date/Time | 2025-03-06 21:34:35
   MPI Processes | 1
  OpenMP Threads | 4

 Reading model XML file 'model.xml' ...
 Reading cross sections XML file...
 Reading Pu240 from /root/nndc_hdf5/Pu240.h5
 Reading H1 from /root/nndc_hdf5/H1.h5
 Reading H2 from /root/nndc_hdf5/H2.h5
 Reading C0 from /root/nndc_hdf5/C0.h5
 Minimum neutron data temperature: 294 K
 Maximum neutron data temperature: 294 K
 Preparing distributed cell instances...
 Writing summary.h5 file...
 Maximum neutron transport energy: 20000000 eV for H1

 ===============>     FIXED SOURCE TRANSPORT SIMULATION     <===============

 Simulating batch 1
 Simulating batch 2
 Simulating batch 3
 Simulating batch 4
 Simulating batch 5
 Simulating batch 6
 Simulating batch 7
 Simulating batch 8
 Simulating batch 9
 Simulating batch 10
 Simulating batch 11
 Simulating batch 12
 Simulating batch 13
 Simulating batch 14
 Simulating batch 15
 Simulating batch 16
 Simulating batch 17
 Simulating batch 18
 Simulating batch 19
 Simulating batch 20
 Simulating batch 21
 Simulating batch 22
 Simulating batch 23
 Simulating batch 24
 Simulating batch 25
 Simulating batch 26
 Simulating batch 27
 Simulating batch 28
 Simulating batch 29
 Simulating batch 30
 Simulating batch 31
 Simulating batch 32
 Simulating batch 33
 Simulating batch 34
 Simulating batch 35
 Simulating batch 36
 Simulating batch 37
 Simulating batch 38
 Simulating batch 39
 Simulating batch 40
 Simulating batch 41
 Simulating batch 42
 Simulating batch 43
 Simulating batch 44
 Simulating batch 45
 Simulating batch 46
 Simulating batch 47
 Simulating batch 48
 Simulating batch 49
 Simulating batch 50
 Simulating batch 51
 Simulating batch 52
 Simulating batch 53
 Simulating batch 54
 Simulating batch 55
 Simulating batch 56
 Simulating batch 57
 Simulating batch 58
 Simulating batch 59
 Simulating batch 60
 Simulating batch 61
 Simulating batch 62
 Simulating batch 63
 Simulating batch 64
 Simulating batch 65
 Simulating batch 66
 Simulating batch 67
 Simulating batch 68
 Simulating batch 69
 Simulating batch 70
 Simulating batch 71
 Simulating batch 72
 Simulating batch 73
 Simulating batch 74
 Simulating batch 75
 Simulating batch 76
 Simulating batch 77
 Simulating batch 78
 Simulating batch 79
 Simulating batch 80
 Simulating batch 81
 Simulating batch 82
 Simulating batch 83
 Simulating batch 84
 Simulating batch 85
 Simulating batch 86
 Simulating batch 87
 Simulating batch 88
 Simulating batch 89
 Simulating batch 90
 Simulating batch 91
 Simulating batch 92
 Simulating batch 93
 Simulating batch 94
 Simulating batch 95
 Simulating batch 96
 Simulating batch 97
 Simulating batch 98
 Simulating batch 99
 Simulating batch 100
 Creating state point statepoint.100.h5...

 =======================>     TIMING STATISTICS     <=======================

 Total time for initialization     = 1.7906e-01 seconds
   Reading cross sections          = 1.0850e-01 seconds
 Total time in simulation          = 3.0811e-02 seconds
   Time in transport only          = 2.4203e-02 seconds
   Time in active batches          = 3.0811e-02 seconds
   Time accumulating tallies       = 8.5430e-06 seconds
   Time writing statepoints        = 2.9223e-03 seconds
 Total time for finalization       = 3.3310e-06 seconds
 Total time elapsed                = 2.1219e-01 seconds
 Calculation Rate (active)         = 324560 particles/second

 ============================>     RESULTS     <============================

 Leakage Fraction            = 0.10750 +/- 0.00291

                                %%%%%%%%%%%%%%%
                           %%%%%%%%%%%%%%%%%%%%%%%%
                        %%%%%%%%%%%%%%%%%%%%%%%%%%%%%%
                      %%%%%%%%%%%%%%%%%%%%%%%%%%%%%%%%%%
                    %%%%%%%%%%%%%%%%%%%%%%%%%%%%%%%%%%%%%%
                   %%%%%%%%%%%%%%%%%%%%%%%%%%%%%%%%%%%%%%%%
                                    %%%%%%%%%%%%%%%%%%%%%%%%
                                     %%%%%%%%%%%%%%%%%%%%%%%%
                 ###############      %%%%%%%%%%%%%%%%%%%%%%%%
                ##################     %%%%%%%%%%%%%%%%%%%%%%%
                ###################     %%%%%%%%%%%%%%%%%%%%%%%
                ####################     %%%%%%%%%%%%%%%%%%%%%%
                #####################     %%%%%%%%%%%%%%%%%%%%%
                ######################     %%%%%%%%%%%%%%%%%%%%
                #######################     %%%%%%%%%%%%%%%%%%
                 #######################     %%%%%%%%%%%%%%%%%
                 ######################     %%%%%%%%%%%%%%%%%
                  ####################     %%%%%%%%%%%%%%%%%
                    #################     %%%%%%%%%%%%%%%%%
                     ###############     %%%%%%%%%%%%%%%%
                       ############     %%%%%%%%%%%%%%%
                          ########     %%%%%%%%%%%%%%
                                      %%%%%%%%%%%

                 | The OpenMC Monte Carlo Code
       Copyright | 2011-2024 MIT, UChicago Argonne LLC, and contributors
         License | https://docs.openmc.org/en/latest/license.html
         Version | 0.15.0
        Git SHA1 | 55b52b7ef3c9415ce045712132bf31c2a013d8c8
       Date/Time | 2025-03-06 21:34:37
   MPI Processes | 1
  OpenMP Threads | 4

 Reading model XML file 'model.xml' ...
 Reading cross sections XML file...
 Reading Pu240 from /root/nndc_hdf5/Pu240.h5
 Reading H1 from /root/nndc_hdf5/H1.h5
 Reading H2 from /root/nndc_hdf5/H2.h5
 Reading C0 from /root/nndc_hdf5/C0.h5
 Minimum neutron data temperature: 294 K
 Maximum neutron data temperature: 294 K
 Preparing distributed cell instances...
 Writing summary.h5 file...
 Maximum neutron transport energy: 20000000 eV for H1

 ===============>     FIXED SOURCE TRANSPORT SIMULATION     <===============

 Simulating batch 1
 Simulating batch 2
 Simulating batch 3
 Simulating batch 4
 Simulating batch 5
 Simulating batch 6
 Simulating batch 7
 Simulating batch 8
 Simulating batch 9
 Simulating batch 10
 Simulating batch 11
 Simulating batch 12
 Simulating batch 13
 Simulating batch 14
 Simulating batch 15
 Simulating batch 16
 Simulating batch 17
 Simulating batch 18
 Simulating batch 19
 Simulating batch 20
 Simulating batch 21
 Simulating batch 22
 Simulating batch 23
 Simulating batch 24
 Simulating batch 25
 Simulating batch 26
 Simulating batch 27
 Simulating batch 28
 Simulating batch 29
 Simulating batch 30
 Simulating batch 31
 Simulating batch 32
 Simulating batch 33
 Simulating batch 34
 Simulating batch 35
 Simulating batch 36
 Simulating batch 37
 Simulating batch 38
 Simulating batch 39
 Simulating batch 40
 Simulating batch 41
 Simulating batch 42
 Simulating batch 43
 Simulating batch 44
 Simulating batch 45
 Simulating batch 46
 Simulating batch 47
 Simulating batch 48
 Simulating batch 49
 Simulating batch 50
 Simulating batch 51
 Simulating batch 52
 Simulating batch 53
 Simulating batch 54
 Simulating batch 55
 Simulating batch 56
 Simulating batch 57
 Simulating batch 58
 Simulating batch 59
 Simulating batch 60
 Simulating batch 61
 Simulating batch 62
 Simulating batch 63
 Simulating batch 64
 Simulating batch 65
 Simulating batch 66
 Simulating batch 67
 Simulating batch 68
 Simulating batch 69
 Simulating batch 70
 Simulating batch 71
 Simulating batch 72
 Simulating batch 73
 Simulating batch 74
 Simulating batch 75
 Simulating batch 76
 Simulating batch 77
 Simulating batch 78
 Simulating batch 79
 Simulating batch 80
 Simulating batch 81
 Simulating batch 82
 Simulating batch 83
 Simulating batch 84
 Simulating batch 85
 Simulating batch 86
 Simulating batch 87
 Simulating batch 88
 Simulating batch 89
 Simulating batch 90
 Simulating batch 91
 Simulating batch 92
 Simulating batch 93
 Simulating batch 94
 Simulating batch 95
 Simulating batch 96
 Simulating batch 97
 Simulating batch 98
 Simulating batch 99
 Simulating batch 100
 Creating state point statepoint.100.h5...

 =======================>     TIMING STATISTICS     <=======================

 Total time for initialization     = 1.4391e-01 seconds
   Reading cross sections          = 7.1650e-02 seconds
 Total time in simulation          = 9.5062e-02 seconds
   Time in transport only          = 8.9536e-02 seconds
   Time in active batches          = 9.5062e-02 seconds
   Time accumulating tallies       = 1.2764e-05 seconds
   Time writing statepoints        = 2.4087e-03 seconds
 Total time for finalization       = 1.3384e-02 seconds
 Total time elapsed                = 2.5691e-01 seconds
 Calculation Rate (active)         = 105195 particles/second

 ============================>     RESULTS     <============================

 Leakage Fraction            = 0.10750 +/- 0.00291

Running simulation...
                                %%%%%%%%%%%%%%%
                           %%%%%%%%%%%%%%%%%%%%%%%%
                        %%%%%%%%%%%%%%%%%%%%%%%%%%%%%%
                      %%%%%%%%%%%%%%%%%%%%%%%%%%%%%%%%%%
                    %%%%%%%%%%%%%%%%%%%%%%%%%%%%%%%%%%%%%%
                   %%%%%%%%%%%%%%%%%%%%%%%%%%%%%%%%%%%%%%%%
                                    %%%%%%%%%%%%%%%%%%%%%%%%
                                     %%%%%%%%%%%%%%%%%%%%%%%%
                 ###############      %%%%%%%%%%%%%%%%%%%%%%%%
                ##################     %%%%%%%%%%%%%%%%%%%%%%%
                ###################     %%%%%%%%%%%%%%%%%%%%%%%
                ####################     %%%%%%%%%%%%%%%%%%%%%%
                #####################     %%%%%%%%%%%%%%%%%%%%%
                ######################     %%%%%%%%%%%%%%%%%%%%
                #######################     %%%%%%%%%%%%%%%%%%
                 #######################     %%%%%%%%%%%%%%%%%
                 ######################     %%%%%%%%%%%%%%%%%
                  ####################     %%%%%%%%%%%%%%%%%
                    #################     %%%%%%%%%%%%%%%%%
                     ###############     %%%%%%%%%%%%%%%%
                       ############     %%%%%%%%%%%%%%%
                          ########     %%%%%%%%%%%%%%
                                      %%%%%%%%%%%

                 | The OpenMC Monte Carlo Code
       Copyright | 2011-2024 MIT, UChicago Argonne LLC, and contributors
         License | https://docs.openmc.org/en/latest/license.html
         Version | 0.15.0
        Git SHA1 | 55b52b7ef3c9415ce045712132bf31c2a013d8c8
       Date/Time | 2025-03-06 21:34:42
   MPI Processes | 1
  OpenMP Threads | 4

 Reading model XML file 'model.xml' ...
 Reading cross sections XML file...
 Reading Pu240 from /root/nndc_hdf5/Pu240.h5
 Reading H1 from /root/nndc_hdf5/H1.h5
 Reading H2 from /root/nndc_hdf5/H2.h5
 Reading C0 from /root/nndc_hdf5/C0.h5
 Minimum neutron data temperature: 294 K
 Maximum neutron data temperature: 294 K
 Preparing distributed cell instances...
 Writing summary.h5 file...
 Maximum neutron transport energy: 20000000 eV for H1

 ===============>     FIXED SOURCE TRANSPORT SIMULATION     <===============

 Simulating batch 1
 Simulating batch 2
 Simulating batch 3
 Simulating batch 4
 Simulating batch 5
 Simulating batch 6
 Simulating batch 7
 Simulating batch 8
 Simulating batch 9
 Simulating batch 10
 Simulating batch 11
 Simulating batch 12
 Simulating batch 13
 Simulating batch 14
 Simulating batch 15
 Simulating batch 16
 Simulating batch 17
 Simulating batch 18
 Simulating batch 19
 Simulating batch 20
 Simulating batch 21
 Simulating batch 22
 Simulating batch 23
 Simulating batch 24
 Simulating batch 25
 Simulating batch 26
 Simulating batch 27
 Simulating batch 28
 Simulating batch 29
 Simulating batch 30
 Simulating batch 31
 Simulating batch 32
 Simulating batch 33
 Simulating batch 34
 Simulating batch 35
 Simulating batch 36
 Simulating batch 37
 Simulating batch 38
 Simulating batch 39
 Simulating batch 40
 Simulating batch 41
 Simulating batch 42
 Simulating batch 43
 Simulating batch 44
 Simulating batch 45
 Simulating batch 46
 Simulating batch 47
 Simulating batch 48
 Simulating batch 49
 Simulating batch 50
 Simulating batch 51
 Simulating batch 52
 Simulating batch 53
 Simulating batch 54
 Simulating batch 55
 Simulating batch 56
 Simulating batch 57
 Simulating batch 58
 Simulating batch 59
 Simulating batch 60
 Simulating batch 61
 Simulating batch 62
 Simulating batch 63
 Simulating batch 64
 Simulating batch 65
 Simulating batch 66
 Simulating batch 67
 Simulating batch 68
 Simulating batch 69
 Simulating batch 70
 Simulating batch 71
 Simulating batch 72
 Simulating batch 73
 Simulating batch 74
 Simulating batch 75
 Simulating batch 76
 Simulating batch 77
 Simulating batch 78
 Simulating batch 79
 Simulating batch 80
 Simulating batch 81
 Simulating batch 82
 Simulating batch 83
 Simulating batch 84
 Simulating batch 85
 Simulating batch 86
 Simulating batch 87
 Simulating batch 88
 Simulating batch 89
 Simulating batch 90
 Simulating batch 91
 Simulating batch 92
 Simulating batch 93
 Simulating batch 94
 Simulating batch 95
 Simulating batch 96
 Simulating batch 97
 Simulating batch 98
 Simulating batch 99
 Simulating batch 100
 Creating state point statepoint.100.h5...

 =======================>     TIMING STATISTICS     <=======================

 Total time for initialization     = 1.3370e-01 seconds
   Reading cross sections          = 7.2019e-02 seconds
 Total time in simulation          = 3.2025e-02 seconds
   Time in transport only          = 2.1062e-02 seconds
   Time in active batches          = 3.2025e-02 seconds
   Time accumulating tallies       = 9.6270e-06 seconds
   Time writing statepoints        = 2.8110e-03 seconds
 Total time for finalization       = 3.1910e-06 seconds
 Total time elapsed                = 1.6807e-01 seconds
 Calculation Rate (active)         = 312253 particles/second

 ============================>     RESULTS     <============================

 Leakage Fraction            = 0.08580 +/- 0.00276

                                %%%%%%%%%%%%%%%
                           %%%%%%%%%%%%%%%%%%%%%%%%
                        %%%%%%%%%%%%%%%%%%%%%%%%%%%%%%
                      %%%%%%%%%%%%%%%%%%%%%%%%%%%%%%%%%%
                    %%%%%%%%%%%%%%%%%%%%%%%%%%%%%%%%%%%%%%
                   %%%%%%%%%%%%%%%%%%%%%%%%%%%%%%%%%%%%%%%%
                                    %%%%%%%%%%%%%%%%%%%%%%%%
                                     %%%%%%%%%%%%%%%%%%%%%%%%
                 ###############      %%%%%%%%%%%%%%%%%%%%%%%%
                ##################     %%%%%%%%%%%%%%%%%%%%%%%
                ###################     %%%%%%%%%%%%%%%%%%%%%%%
                ####################     %%%%%%%%%%%%%%%%%%%%%%
                #####################     %%%%%%%%%%%%%%%%%%%%%
                ######################     %%%%%%%%%%%%%%%%%%%%
                #######################     %%%%%%%%%%%%%%%%%%
                 #######################     %%%%%%%%%%%%%%%%%
                 ######################     %%%%%%%%%%%%%%%%%
                  ####################     %%%%%%%%%%%%%%%%%
                    #################     %%%%%%%%%%%%%%%%%
                     ###############     %%%%%%%%%%%%%%%%
                       ############     %%%%%%%%%%%%%%%
                          ########     %%%%%%%%%%%%%%
                                      %%%%%%%%%%%

                 | The OpenMC Monte Carlo Code
       Copyright | 2011-2024 MIT, UChicago Argonne LLC, and contributors
         License | https://docs.openmc.org/en/latest/license.html
         Version | 0.15.0
        Git SHA1 | 55b52b7ef3c9415ce045712132bf31c2a013d8c8
       Date/Time | 2025-03-06 21:34:43
   MPI Processes | 1
  OpenMP Threads | 4

 Reading model XML file 'model.xml' ...
 Reading cross sections XML file...
 Reading Pu240 from /root/nndc_hdf5/Pu240.h5
 Reading H1 from /root/nndc_hdf5/H1.h5
 Reading H2 from /root/nndc_hdf5/H2.h5
 Reading C0 from /root/nndc_hdf5/C0.h5
 Minimum neutron data temperature: 294 K
 Maximum neutron data temperature: 294 K
 Preparing distributed cell instances...
 Writing summary.h5 file...
 Maximum neutron transport energy: 20000000 eV for H1

 ===============>     FIXED SOURCE TRANSPORT SIMULATION     <===============

 Simulating batch 1
 Simulating batch 2
 Simulating batch 3
 Simulating batch 4
 Simulating batch 5
 Simulating batch 6
 Simulating batch 7
 Simulating batch 8
 Simulating batch 9
 Simulating batch 10
 Simulating batch 11
 Simulating batch 12
 Simulating batch 13
 Simulating batch 14
 Simulating batch 15
 Simulating batch 16
 Simulating batch 17
 Simulating batch 18
 Simulating batch 19
 Simulating batch 20
 Simulating batch 21
 Simulating batch 22
 Simulating batch 23
 Simulating batch 24
 Simulating batch 25
 Simulating batch 26
 Simulating batch 27
 Simulating batch 28
 Simulating batch 29
 Simulating batch 30
 Simulating batch 31
 Simulating batch 32
 Simulating batch 33
 Simulating batch 34
 Simulating batch 35
 Simulating batch 36
 Simulating batch 37
 Simulating batch 38
 Simulating batch 39
 Simulating batch 40
 Simulating batch 41
 Simulating batch 42
 Simulating batch 43
 Simulating batch 44
 Simulating batch 45
 Simulating batch 46
 Simulating batch 47
 Simulating batch 48
 Simulating batch 49
 Simulating batch 50
 Simulating batch 51
 Simulating batch 52
 Simulating batch 53
 Simulating batch 54
 Simulating batch 55
 Simulating batch 56
 Simulating batch 57
 Simulating batch 58
 Simulating batch 59
 Simulating batch 60
 Simulating batch 61
 Simulating batch 62
 Simulating batch 63
 Simulating batch 64
 Simulating batch 65
 Simulating batch 66
 Simulating batch 67
 Simulating batch 68
 Simulating batch 69
 Simulating batch 70
 Simulating batch 71
 Simulating batch 72
 Simulating batch 73
 Simulating batch 74
 Simulating batch 75
 Simulating batch 76
 Simulating batch 77
 Simulating batch 78
 Simulating batch 79
 Simulating batch 80
 Simulating batch 81
 Simulating batch 82
 Simulating batch 83
 Simulating batch 84
 Simulating batch 85
 Simulating batch 86
 Simulating batch 87
 Simulating batch 88
 Simulating batch 89
 Simulating batch 90
 Simulating batch 91
 Simulating batch 92
 Simulating batch 93
 Simulating batch 94
 Simulating batch 95
 Simulating batch 96
 Simulating batch 97
 Simulating batch 98
 Simulating batch 99
 Simulating batch 100
 Creating state point statepoint.100.h5...

 =======================>     TIMING STATISTICS     <=======================

 Total time for initialization     = 1.4090e-01 seconds
   Reading cross sections          = 7.0074e-02 seconds
 Total time in simulation          = 8.8139e-02 seconds
   Time in transport only          = 8.2570e-02 seconds
   Time in active batches          = 8.8139e-02 seconds
   Time accumulating tallies       = 2.0437e-05 seconds
   Time writing statepoints        = 2.4192e-03 seconds
 Total time for finalization       = 1.4268e-02 seconds
 Total time elapsed                = 2.4800e-01 seconds
 Calculation Rate (active)         = 113457 particles/second

 ============================>     RESULTS     <============================

 Leakage Fraction            = 0.08580 +/- 0.00276

Running simulation...
                                %%%%%%%%%%%%%%%
                           %%%%%%%%%%%%%%%%%%%%%%%%
                        %%%%%%%%%%%%%%%%%%%%%%%%%%%%%%
                      %%%%%%%%%%%%%%%%%%%%%%%%%%%%%%%%%%
                    %%%%%%%%%%%%%%%%%%%%%%%%%%%%%%%%%%%%%%
                   %%%%%%%%%%%%%%%%%%%%%%%%%%%%%%%%%%%%%%%%
                                    %%%%%%%%%%%%%%%%%%%%%%%%
                                     %%%%%%%%%%%%%%%%%%%%%%%%
                 ###############      %%%%%%%%%%%%%%%%%%%%%%%%
                ##################     %%%%%%%%%%%%%%%%%%%%%%%
                ###################     %%%%%%%%%%%%%%%%%%%%%%%
                ####################     %%%%%%%%%%%%%%%%%%%%%%
                #####################     %%%%%%%%%%%%%%%%%%%%%
                ######################     %%%%%%%%%%%%%%%%%%%%
                #######################     %%%%%%%%%%%%%%%%%%
                 #######################     %%%%%%%%%%%%%%%%%
                 ######################     %%%%%%%%%%%%%%%%%
                  ####################     %%%%%%%%%%%%%%%%%
                    #################     %%%%%%%%%%%%%%%%%
                     ###############     %%%%%%%%%%%%%%%%
                       ############     %%%%%%%%%%%%%%%
                          ########     %%%%%%%%%%%%%%
                                      %%%%%%%%%%%

                 | The OpenMC Monte Carlo Code
       Copyright | 2011-2024 MIT, UChicago Argonne LLC, and contributors
         License | https://docs.openmc.org/en/latest/license.html
         Version | 0.15.0
        Git SHA1 | 55b52b7ef3c9415ce045712132bf31c2a013d8c8
       Date/Time | 2025-03-06 21:34:48
   MPI Processes | 1
  OpenMP Threads | 4

 Reading model XML file 'model.xml' ...
 Reading cross sections XML file...
 Reading Pu240 from /root/nndc_hdf5/Pu240.h5
 Reading H1 from /root/nndc_hdf5/H1.h5
 Reading H2 from /root/nndc_hdf5/H2.h5
 Reading C0 from /root/nndc_hdf5/C0.h5
 Minimum neutron data temperature: 294 K
 Maximum neutron data temperature: 294 K
 Preparing distributed cell instances...
 Writing summary.h5 file...
 Maximum neutron transport energy: 20000000 eV for H1

 ===============>     FIXED SOURCE TRANSPORT SIMULATION     <===============

 Simulating batch 1
 Simulating batch 2
 Simulating batch 3
 Simulating batch 4
 Simulating batch 5
 Simulating batch 6
 Simulating batch 7
 Simulating batch 8
 Simulating batch 9
 Simulating batch 10
 Simulating batch 11
 Simulating batch 12
 Simulating batch 13
 Simulating batch 14
 Simulating batch 15
 Simulating batch 16
 Simulating batch 17
 Simulating batch 18
 Simulating batch 19
 Simulating batch 20
 Simulating batch 21
 Simulating batch 22
 Simulating batch 23
 Simulating batch 24
 Simulating batch 25
 Simulating batch 26
 Simulating batch 27
 Simulating batch 28
 Simulating batch 29
 Simulating batch 30
 Simulating batch 31
 Simulating batch 32
 Simulating batch 33
 Simulating batch 34
 Simulating batch 35
 Simulating batch 36
 Simulating batch 37
 Simulating batch 38
 Simulating batch 39
 Simulating batch 40
 Simulating batch 41
 Simulating batch 42
 Simulating batch 43
 Simulating batch 44
 Simulating batch 45
 Simulating batch 46
 Simulating batch 47
 Simulating batch 48
 Simulating batch 49
 Simulating batch 50
 Simulating batch 51
 Simulating batch 52
 Simulating batch 53
 Simulating batch 54
 Simulating batch 55
 Simulating batch 56
 Simulating batch 57
 Simulating batch 58
 Simulating batch 59
 Simulating batch 60
 Simulating batch 61
 Simulating batch 62
 Simulating batch 63
 Simulating batch 64
 Simulating batch 65
 Simulating batch 66
 Simulating batch 67
 Simulating batch 68
 Simulating batch 69
 Simulating batch 70
 Simulating batch 71
 Simulating batch 72
 Simulating batch 73
 Simulating batch 74
 Simulating batch 75
 Simulating batch 76
 Simulating batch 77
 Simulating batch 78
 Simulating batch 79
 Simulating batch 80
 Simulating batch 81
 Simulating batch 82
 Simulating batch 83
 Simulating batch 84
 Simulating batch 85
 Simulating batch 86
 Simulating batch 87
 Simulating batch 88
 Simulating batch 89
 Simulating batch 90
 Simulating batch 91
 Simulating batch 92
 Simulating batch 93
 Simulating batch 94
 Simulating batch 95
 Simulating batch 96
 Simulating batch 97
 Simulating batch 98
 Simulating batch 99
 Simulating batch 100
 Creating state point statepoint.100.h5...

 =======================>     TIMING STATISTICS     <=======================

 Total time for initialization     = 1.3857e-01 seconds
   Reading cross sections          = 7.2314e-02 seconds
 Total time in simulation          = 6.0021e-02 seconds
   Time in transport only          = 1.8229e-02 seconds
   Time in active batches          = 6.0021e-02 seconds
   Time accumulating tallies       = 8.8970e-06 seconds
   Time writing statepoints        = 2.6274e-03 seconds
 Total time for finalization       = 3.1010e-06 seconds
 Total time elapsed                = 2.0095e-01 seconds
 Calculation Rate (active)         = 166609 particles/second

 ============================>     RESULTS     <============================

 Leakage Fraction            = 0.06830 +/- 0.00232

                                %%%%%%%%%%%%%%%
                           %%%%%%%%%%%%%%%%%%%%%%%%
                        %%%%%%%%%%%%%%%%%%%%%%%%%%%%%%
                      %%%%%%%%%%%%%%%%%%%%%%%%%%%%%%%%%%
                    %%%%%%%%%%%%%%%%%%%%%%%%%%%%%%%%%%%%%%
                   %%%%%%%%%%%%%%%%%%%%%%%%%%%%%%%%%%%%%%%%
                                    %%%%%%%%%%%%%%%%%%%%%%%%
                                     %%%%%%%%%%%%%%%%%%%%%%%%
                 ###############      %%%%%%%%%%%%%%%%%%%%%%%%
                ##################     %%%%%%%%%%%%%%%%%%%%%%%
                ###################     %%%%%%%%%%%%%%%%%%%%%%%
                ####################     %%%%%%%%%%%%%%%%%%%%%%
                #####################     %%%%%%%%%%%%%%%%%%%%%
                ######################     %%%%%%%%%%%%%%%%%%%%
                #######################     %%%%%%%%%%%%%%%%%%
                 #######################     %%%%%%%%%%%%%%%%%
                 ######################     %%%%%%%%%%%%%%%%%
                  ####################     %%%%%%%%%%%%%%%%%
                    #################     %%%%%%%%%%%%%%%%%
                     ###############     %%%%%%%%%%%%%%%%
                       ############     %%%%%%%%%%%%%%%
                          ########     %%%%%%%%%%%%%%
                                      %%%%%%%%%%%

                 | The OpenMC Monte Carlo Code
       Copyright | 2011-2024 MIT, UChicago Argonne LLC, and contributors
         License | https://docs.openmc.org/en/latest/license.html
         Version | 0.15.0
        Git SHA1 | 55b52b7ef3c9415ce045712132bf31c2a013d8c8
       Date/Time | 2025-03-06 21:34:49
   MPI Processes | 1
  OpenMP Threads | 4

 Reading model XML file 'model.xml' ...
 Reading cross sections XML file...
 Reading Pu240 from /root/nndc_hdf5/Pu240.h5
 Reading H1 from /root/nndc_hdf5/H1.h5
 Reading H2 from /root/nndc_hdf5/H2.h5
 Reading C0 from /root/nndc_hdf5/C0.h5
 Minimum neutron data temperature: 294 K
 Maximum neutron data temperature: 294 K
 Preparing distributed cell instances...
 Writing summary.h5 file...
 Maximum neutron transport energy: 20000000 eV for H1

 ===============>     FIXED SOURCE TRANSPORT SIMULATION     <===============

 Simulating batch 1
 Simulating batch 2
 Simulating batch 3
 Simulating batch 4
 Simulating batch 5
 Simulating batch 6
 Simulating batch 7
 Simulating batch 8
 Simulating batch 9
 Simulating batch 10
 Simulating batch 11
 Simulating batch 12
 Simulating batch 13
 Simulating batch 14
 Simulating batch 15
 Simulating batch 16
 Simulating batch 17
 Simulating batch 18
 Simulating batch 19
 Simulating batch 20
 Simulating batch 21
 Simulating batch 22
 Simulating batch 23
 Simulating batch 24
 Simulating batch 25
 Simulating batch 26
 Simulating batch 27
 Simulating batch 28
 Simulating batch 29
 Simulating batch 30
 Simulating batch 31
 Simulating batch 32
 Simulating batch 33
 Simulating batch 34
 Simulating batch 35
 Simulating batch 36
 Simulating batch 37
 Simulating batch 38
 Simulating batch 39
 Simulating batch 40
 Simulating batch 41
 Simulating batch 42
 Simulating batch 43
 Simulating batch 44
 Simulating batch 45
 Simulating batch 46
 Simulating batch 47
 Simulating batch 48
 Simulating batch 49
 Simulating batch 50
 Simulating batch 51
 Simulating batch 52
 Simulating batch 53
 Simulating batch 54
 Simulating batch 55
 Simulating batch 56
 Simulating batch 57
 Simulating batch 58
 Simulating batch 59
 Simulating batch 60
 Simulating batch 61
 Simulating batch 62
 Simulating batch 63
 Simulating batch 64
 Simulating batch 65
 Simulating batch 66
 Simulating batch 67
 Simulating batch 68
 Simulating batch 69
 Simulating batch 70
 Simulating batch 71
 Simulating batch 72
 Simulating batch 73
 Simulating batch 74
 Simulating batch 75
 Simulating batch 76
 Simulating batch 77
 Simulating batch 78
 Simulating batch 79
 Simulating batch 80
 Simulating batch 81
 Simulating batch 82
 Simulating batch 83
 Simulating batch 84
 Simulating batch 85
 Simulating batch 86
 Simulating batch 87
 Simulating batch 88
 Simulating batch 89
 Simulating batch 90
 Simulating batch 91
 Simulating batch 92
 Simulating batch 93
 Simulating batch 94
 Simulating batch 95
 Simulating batch 96
 Simulating batch 97
 Simulating batch 98
 Simulating batch 99
 Simulating batch 100
 Creating state point statepoint.100.h5...

 =======================>     TIMING STATISTICS     <=======================

 Total time for initialization     = 1.3127e-01 seconds
   Reading cross sections          = 6.8798e-02 seconds
 Total time in simulation          = 7.3072e-02 seconds
   Time in transport only          = 6.7816e-02 seconds
   Time in active batches          = 7.3072e-02 seconds
   Time accumulating tallies       = 1.0021e-05 seconds
   Time writing statepoints        = 2.3713e-03 seconds
 Total time for finalization       = 1.1662e-02 seconds
 Total time elapsed                = 2.2117e-01 seconds
 Calculation Rate (active)         = 136852 particles/second

 ============================>     RESULTS     <============================

 Leakage Fraction            = 0.06830 +/- 0.00232

Running simulation...
                                %%%%%%%%%%%%%%%
                           %%%%%%%%%%%%%%%%%%%%%%%%
                        %%%%%%%%%%%%%%%%%%%%%%%%%%%%%%
                      %%%%%%%%%%%%%%%%%%%%%%%%%%%%%%%%%%
                    %%%%%%%%%%%%%%%%%%%%%%%%%%%%%%%%%%%%%%
                   %%%%%%%%%%%%%%%%%%%%%%%%%%%%%%%%%%%%%%%%
                                    %%%%%%%%%%%%%%%%%%%%%%%%
                                     %%%%%%%%%%%%%%%%%%%%%%%%
                 ###############      %%%%%%%%%%%%%%%%%%%%%%%%
                ##################     %%%%%%%%%%%%%%%%%%%%%%%
                ###################     %%%%%%%%%%%%%%%%%%%%%%%
                ####################     %%%%%%%%%%%%%%%%%%%%%%
                #####################     %%%%%%%%%%%%%%%%%%%%%
                ######################     %%%%%%%%%%%%%%%%%%%%
                #######################     %%%%%%%%%%%%%%%%%%
                 #######################     %%%%%%%%%%%%%%%%%
                 ######################     %%%%%%%%%%%%%%%%%
                  ####################     %%%%%%%%%%%%%%%%%
                    #################     %%%%%%%%%%%%%%%%%
                     ###############     %%%%%%%%%%%%%%%%
                       ############     %%%%%%%%%%%%%%%
                          ########     %%%%%%%%%%%%%%
                                      %%%%%%%%%%%

                 | The OpenMC Monte Carlo Code
       Copyright | 2011-2024 MIT, UChicago Argonne LLC, and contributors
         License | https://docs.openmc.org/en/latest/license.html
         Version | 0.15.0
        Git SHA1 | 55b52b7ef3c9415ce045712132bf31c2a013d8c8
       Date/Time | 2025-03-06 21:34:55
   MPI Processes | 1
  OpenMP Threads | 4

 Reading model XML file 'model.xml' ...
 Reading cross sections XML file...
 Reading Pu240 from /root/nndc_hdf5/Pu240.h5
 Reading H1 from /root/nndc_hdf5/H1.h5
 Reading H2 from /root/nndc_hdf5/H2.h5
 Reading C0 from /root/nndc_hdf5/C0.h5
 Minimum neutron data temperature: 294 K
 Maximum neutron data temperature: 294 K
 Preparing distributed cell instances...
 Writing summary.h5 file...
 Maximum neutron transport energy: 20000000 eV for H1

 ===============>     FIXED SOURCE TRANSPORT SIMULATION     <===============

 Simulating batch 1
 Simulating batch 2
 Simulating batch 3
 Simulating batch 4
 Simulating batch 5
 Simulating batch 6
 Simulating batch 7
 Simulating batch 8
 Simulating batch 9
 Simulating batch 10
 Simulating batch 11
 Simulating batch 12
 Simulating batch 13
 Simulating batch 14
 Simulating batch 15
 Simulating batch 16
 Simulating batch 17
 Simulating batch 18
 Simulating batch 19
 Simulating batch 20
 Simulating batch 21
 Simulating batch 22
 Simulating batch 23
 Simulating batch 24
 Simulating batch 25
 Simulating batch 26
 Simulating batch 27
 Simulating batch 28
 Simulating batch 29
 Simulating batch 30
 Simulating batch 31
 Simulating batch 32
 Simulating batch 33
 Simulating batch 34
 Simulating batch 35
 Simulating batch 36
 Simulating batch 37
 Simulating batch 38
 Simulating batch 39
 Simulating batch 40
 Simulating batch 41
 Simulating batch 42
 Simulating batch 43
 Simulating batch 44
 Simulating batch 45
 Simulating batch 46
 Simulating batch 47
 Simulating batch 48
 Simulating batch 49
 Simulating batch 50
 Simulating batch 51
 Simulating batch 52
 Simulating batch 53
 Simulating batch 54
 Simulating batch 55
 Simulating batch 56
 Simulating batch 57
 Simulating batch 58
 Simulating batch 59
 Simulating batch 60
 Simulating batch 61
 Simulating batch 62
 Simulating batch 63
 Simulating batch 64
 Simulating batch 65
 Simulating batch 66
 Simulating batch 67
 Simulating batch 68
 Simulating batch 69
 Simulating batch 70
 Simulating batch 71
 Simulating batch 72
 Simulating batch 73
 Simulating batch 74
 Simulating batch 75
 Simulating batch 76
 Simulating batch 77
 Simulating batch 78
 Simulating batch 79
 Simulating batch 80
 Simulating batch 81
 Simulating batch 82
 Simulating batch 83
 Simulating batch 84
 Simulating batch 85
 Simulating batch 86
 Simulating batch 87
 Simulating batch 88
 Simulating batch 89
 Simulating batch 90
 Simulating batch 91
 Simulating batch 92
 Simulating batch 93
 Simulating batch 94
 Simulating batch 95
 Simulating batch 96
 Simulating batch 97
 Simulating batch 98
 Simulating batch 99
 Simulating batch 100
 Creating state point statepoint.100.h5...

 =======================>     TIMING STATISTICS     <=======================

 Total time for initialization     = 1.2934e-01 seconds
   Reading cross sections          = 6.9463e-02 seconds
 Total time in simulation          = 2.2308e-02 seconds
   Time in transport only          = 1.5717e-02 seconds
   Time in active batches          = 2.2308e-02 seconds
   Time accumulating tallies       = 9.5550e-06 seconds
   Time writing statepoints        = 2.7347e-03 seconds
 Total time for finalization       = 2.7430e-06 seconds
 Total time elapsed                = 1.5399e-01 seconds
 Calculation Rate (active)         = 448278 particles/second

 ============================>     RESULTS     <============================

 Leakage Fraction            = 0.05940 +/- 0.00206

                                %%%%%%%%%%%%%%%
                           %%%%%%%%%%%%%%%%%%%%%%%%
                        %%%%%%%%%%%%%%%%%%%%%%%%%%%%%%
                      %%%%%%%%%%%%%%%%%%%%%%%%%%%%%%%%%%
                    %%%%%%%%%%%%%%%%%%%%%%%%%%%%%%%%%%%%%%
                   %%%%%%%%%%%%%%%%%%%%%%%%%%%%%%%%%%%%%%%%
                                    %%%%%%%%%%%%%%%%%%%%%%%%
                                     %%%%%%%%%%%%%%%%%%%%%%%%
                 ###############      %%%%%%%%%%%%%%%%%%%%%%%%
                ##################     %%%%%%%%%%%%%%%%%%%%%%%
                ###################     %%%%%%%%%%%%%%%%%%%%%%%
                ####################     %%%%%%%%%%%%%%%%%%%%%%
                #####################     %%%%%%%%%%%%%%%%%%%%%
                ######################     %%%%%%%%%%%%%%%%%%%%
                #######################     %%%%%%%%%%%%%%%%%%
                 #######################     %%%%%%%%%%%%%%%%%
                 ######################     %%%%%%%%%%%%%%%%%
                  ####################     %%%%%%%%%%%%%%%%%
                    #################     %%%%%%%%%%%%%%%%%
                     ###############     %%%%%%%%%%%%%%%%
                       ############     %%%%%%%%%%%%%%%
                          ########     %%%%%%%%%%%%%%
                                      %%%%%%%%%%%

                 | The OpenMC Monte Carlo Code
       Copyright | 2011-2024 MIT, UChicago Argonne LLC, and contributors
         License | https://docs.openmc.org/en/latest/license.html
         Version | 0.15.0
        Git SHA1 | 55b52b7ef3c9415ce045712132bf31c2a013d8c8
       Date/Time | 2025-03-06 21:34:56
   MPI Processes | 1
  OpenMP Threads | 4

 Reading model XML file 'model.xml' ...
 Reading cross sections XML file...
 Reading Pu240 from /root/nndc_hdf5/Pu240.h5
 Reading H1 from /root/nndc_hdf5/H1.h5
 Reading H2 from /root/nndc_hdf5/H2.h5
 Reading C0 from /root/nndc_hdf5/C0.h5
 Minimum neutron data temperature: 294 K
 Maximum neutron data temperature: 294 K
 Preparing distributed cell instances...
 Writing summary.h5 file...
 Maximum neutron transport energy: 20000000 eV for H1

 ===============>     FIXED SOURCE TRANSPORT SIMULATION     <===============

 Simulating batch 1
 Simulating batch 2
 Simulating batch 3
 Simulating batch 4
 Simulating batch 5
 Simulating batch 6
 Simulating batch 7
 Simulating batch 8
 Simulating batch 9
 Simulating batch 10
 Simulating batch 11
 Simulating batch 12
 Simulating batch 13
 Simulating batch 14
 Simulating batch 15
 Simulating batch 16
 Simulating batch 17
 Simulating batch 18
 Simulating batch 19
 Simulating batch 20
 Simulating batch 21
 Simulating batch 22
 Simulating batch 23
 Simulating batch 24
 Simulating batch 25
 Simulating batch 26
 Simulating batch 27
 Simulating batch 28
 Simulating batch 29
 Simulating batch 30
 Simulating batch 31
 Simulating batch 32
 Simulating batch 33
 Simulating batch 34
 Simulating batch 35
 Simulating batch 36
 Simulating batch 37
 Simulating batch 38
 Simulating batch 39
 Simulating batch 40
 Simulating batch 41
 Simulating batch 42
 Simulating batch 43
 Simulating batch 44
 Simulating batch 45
 Simulating batch 46
 Simulating batch 47
 Simulating batch 48
 Simulating batch 49
 Simulating batch 50
 Simulating batch 51
 Simulating batch 52
 Simulating batch 53
 Simulating batch 54
 Simulating batch 55
 Simulating batch 56
 Simulating batch 57
 Simulating batch 58
 Simulating batch 59
 Simulating batch 60
 Simulating batch 61
 Simulating batch 62
 Simulating batch 63
 Simulating batch 64
 Simulating batch 65
 Simulating batch 66
 Simulating batch 67
 Simulating batch 68
 Simulating batch 69
 Simulating batch 70
 Simulating batch 71
 Simulating batch 72
 Simulating batch 73
 Simulating batch 74
 Simulating batch 75
 Simulating batch 76
 Simulating batch 77
 Simulating batch 78
 Simulating batch 79
 Simulating batch 80
 Simulating batch 81
 Simulating batch 82
 Simulating batch 83
 Simulating batch 84
 Simulating batch 85
 Simulating batch 86
 Simulating batch 87
 Simulating batch 88
 Simulating batch 89
 Simulating batch 90
 Simulating batch 91
 Simulating batch 92
 Simulating batch 93
 Simulating batch 94
 Simulating batch 95
 Simulating batch 96
 Simulating batch 97
 Simulating batch 98
 Simulating batch 99
 Simulating batch 100
 Creating state point statepoint.100.h5...

 =======================>     TIMING STATISTICS     <=======================

 Total time for initialization     = 1.3813e-01 seconds
   Reading cross sections          = 7.3514e-02 seconds
 Total time in simulation          = 7.3700e-02 seconds
   Time in transport only          = 6.8172e-02 seconds
   Time in active batches          = 7.3700e-02 seconds
   Time accumulating tallies       = 1.1937e-05 seconds
   Time writing statepoints        = 2.3981e-03 seconds
 Total time for finalization       = 1.3125e-02 seconds
 Total time elapsed                = 2.2929e-01 seconds
 Calculation Rate (active)         = 135685 particles/second

 ============================>     RESULTS     <============================

 Leakage Fraction            = 0.05940 +/- 0.00206

