/openmc_venv/lib/python3.11/site-packages/openmc/config.py:62: UserWarning: '/global/home/users/toniooppi/nuclear_data/chain-endf-b8.0.xml' does not exist.
  warnings.warn(f"'{value}' does not exist.")
  File "/global/scratch/users/toniooppi/Nuclear_stuff/Cpp_experiment/Pu240_source/plot_track.py", line 17
    neutron_track = track.filter(particle='neutron')
    ^
IndentationError: expected an indented block after 'for' statement on line 16
/openmc_venv/lib/python3.11/site-packages/openmc/config.py:62: UserWarning: '/global/home/users/toniooppi/nuclear_data/chain-endf-b8.0.xml' does not exist.
  warnings.warn(f"'{value}' does not exist.")
  File "/global/scratch/users/toniooppi/Nuclear_stuff/Cpp_experiment/Pu240_source/plot_track.py", line 17
    neutron_track = track.filter(particle='neutron')
    ^
IndentationError: expected an indented block after 'for' statement on line 16
/openmc_venv/lib/python3.11/site-packages/openmc/config.py:62: UserWarning: '/global/home/users/toniooppi/nuclear_data/chain-endf-b8.0.xml' does not exist.
  warnings.warn(f"'{value}' does not exist.")
  File "/global/scratch/users/toniooppi/Nuclear_stuff/Cpp_experiment/Pu240_source/plot_track.py", line 17
    neutron_track = track.filter(particle='neutron')
    ^
IndentationError: expected an indented block after 'for' statement on line 16
/openmc_venv/lib/python3.11/site-packages/openmc/config.py:62: UserWarning: '/global/home/users/toniooppi/nuclear_data/chain-endf-b8.0.xml' does not exist.
  warnings.warn(f"'{value}' does not exist.")
  File "/global/scratch/users/toniooppi/Nuclear_stuff/Cpp_experiment/Pu240_source/plot_track.py", line 17
    neutron_track = track.filter(particle='neutron')
    ^
IndentationError: expected an indented block after 'for' statement on line 16
/openmc_venv/lib/python3.11/site-packages/openmc/config.py:62: UserWarning: '/global/home/users/toniooppi/nuclear_data/chain-endf-b8.0.xml' does not exist.
  warnings.warn(f"'{value}' does not exist.")
  File "/global/scratch/users/toniooppi/Nuclear_stuff/Cpp_experiment/Pu240_source/plot_track.py", line 17
    neutron_track = track.filter(particle='neutron')
    ^
IndentationError: expected an indented block after 'for' statement on line 16
/openmc_venv/lib/python3.11/site-packages/openmc/config.py:62: UserWarning: '/global/home/users/toniooppi/nuclear_data/chain-endf-b8.0.xml' does not exist.
  warnings.warn(f"'{value}' does not exist.")
  File "/global/scratch/users/toniooppi/Nuclear_stuff/Cpp_experiment/Pu240_source/plot_track.py", line 17
    neutron_track = track.filter(particle='neutron')
    ^
IndentationError: expected an indented block after 'for' statement on line 16
/openmc_venv/lib/python3.11/site-packages/openmc/config.py:62: UserWarning: '/global/home/users/toniooppi/nuclear_data/chain-endf-b8.0.xml' does not exist.
  warnings.warn(f"'{value}' does not exist.")
  File "/global/scratch/users/toniooppi/Nuclear_stuff/Cpp_experiment/Pu240_source/plot_track.py", line 17
    neutron_track = track.filter(particle='neutron')
    ^
IndentationError: expected an indented block after 'for' statement on line 16
/openmc_venv/lib/python3.11/site-packages/openmc/config.py:62: UserWarning: '/global/home/users/toniooppi/nuclear_data/chain-endf-b8.0.xml' does not exist.
  warnings.warn(f"'{value}' does not exist.")
  File "/global/scratch/users/toniooppi/Nuclear_stuff/Cpp_experiment/Pu240_source/plot_track.py", line 17
    neutron_track = track.filter(particle='neutron')
    ^
IndentationError: expected an indented block after 'for' statement on line 16
/openmc_venv/lib/python3.11/site-packages/openmc/config.py:62: UserWarning: '/global/home/users/toniooppi/nuclear_data/chain-endf-b8.0.xml' does not exist.
  warnings.warn(f"'{value}' does not exist.")
  File "/global/scratch/users/toniooppi/Nuclear_stuff/Cpp_experiment/Pu240_source/plot_track.py", line 17
    neutron_track = track.filter(particle='neutron')
    ^
IndentationError: expected an indented block after 'for' statement on line 16
/openmc_venv/lib/python3.11/site-packages/openmc/config.py:62: UserWarning: '/global/home/users/toniooppi/nuclear_data/chain-endf-b8.0.xml' does not exist.
  warnings.warn(f"'{value}' does not exist.")
  File "/global/scratch/users/toniooppi/Nuclear_stuff/Cpp_experiment/Pu240_source/plot_track.py", line 17
    neutron_track = track.filter(particle='neutron')
    ^
IndentationError: expected an indented block after 'for' statement on line 16
/openmc_venv/lib/python3.11/site-packages/openmc/config.py:62: UserWarning: '/global/home/users/toniooppi/nuclear_data/chain-endf-b8.0.xml' does not exist.
  warnings.warn(f"'{value}' does not exist.")
  File "/global/scratch/users/toniooppi/Nuclear_stuff/Cpp_experiment/Pu240_source/plot_track.py", line 17
    neutron_track = track.filter(particle='neutron')
    ^
IndentationError: expected an indented block after 'for' statement on line 16
/openmc_venv/lib/python3.11/site-packages/openmc/config.py:62: UserWarning: '/global/home/users/toniooppi/nuclear_data/chain-endf-b8.0.xml' does not exist.
  warnings.warn(f"'{value}' does not exist.")
  File "/global/scratch/users/toniooppi/Nuclear_stuff/Cpp_experiment/Pu240_source/plot_track.py", line 17
    neutron_track = track.filter(particle='neutron')
    ^
IndentationError: expected an indented block after 'for' statement on line 16
/openmc_venv/lib/python3.11/site-packages/openmc/config.py:62: UserWarning: '/global/home/users/toniooppi/nuclear_data/chain-endf-b8.0.xml' does not exist.
  warnings.warn(f"'{value}' does not exist.")
  File "/global/scratch/users/toniooppi/Nuclear_stuff/Cpp_experiment/Pu240_source/plot_track.py", line 17
    neutron_track = track.filter(particle='neutron')
    ^
IndentationError: expected an indented block after 'for' statement on line 16
/openmc_venv/lib/python3.11/site-packages/openmc/config.py:62: UserWarning: '/global/home/users/toniooppi/nuclear_data/chain-endf-b8.0.xml' does not exist.
  warnings.warn(f"'{value}' does not exist.")
  File "/global/scratch/users/toniooppi/Nuclear_stuff/Cpp_experiment/Pu240_source/plot_track.py", line 17
    neutron_track = track.filter(particle='neutron')
    ^
IndentationError: expected an indented block after 'for' statement on line 16
/openmc_venv/lib/python3.11/site-packages/openmc/config.py:62: UserWarning: '/global/home/users/toniooppi/nuclear_data/chain-endf-b8.0.xml' does not exist.
  warnings.warn(f"'{value}' does not exist.")
  File "/global/scratch/users/toniooppi/Nuclear_stuff/Cpp_experiment/Pu240_source/plot_track.py", line 17
    neutron_track = track.filter(particle='neutron')
    ^
IndentationError: expected an indented block after 'for' statement on line 16
/openmc_venv/lib/python3.11/site-packages/openmc/config.py:62: UserWarning: '/global/home/users/toniooppi/nuclear_data/chain-endf-b8.0.xml' does not exist.
  warnings.warn(f"'{value}' does not exist.")
  File "/global/scratch/users/toniooppi/Nuclear_stuff/Cpp_experiment/Pu240_source/plot_track.py", line 17
    neutron_track = track.filter(particle='neutron')
    ^
IndentationError: expected an indented block after 'for' statement on line 16
/openmc_venv/lib/python3.11/site-packages/openmc/config.py:62: UserWarning: '/global/home/users/toniooppi/nuclear_data/chain-endf-b8.0.xml' does not exist.
  warnings.warn(f"'{value}' does not exist.")
  File "/global/scratch/users/toniooppi/Nuclear_stuff/Cpp_experiment/Pu240_source/plot_track.py", line 17
    neutron_track = track.filter(particle='neutron')
    ^
IndentationError: expected an indented block after 'for' statement on line 16
/openmc_venv/lib/python3.11/site-packages/openmc/config.py:62: UserWarning: '/global/home/users/toniooppi/nuclear_data/chain-endf-b8.0.xml' does not exist.
  warnings.warn(f"'{value}' does not exist.")
  File "/global/scratch/users/toniooppi/Nuclear_stuff/Cpp_experiment/Pu240_source/plot_track.py", line 17
    neutron_track = track.filter(particle='neutron')
    ^
IndentationError: expected an indented block after 'for' statement on line 16
/openmc_venv/lib/python3.11/site-packages/openmc/config.py:62: UserWarning: '/global/home/users/toniooppi/nuclear_data/chain-endf-b8.0.xml' does not exist.
  warnings.warn(f"'{value}' does not exist.")
  File "/global/scratch/users/toniooppi/Nuclear_stuff/Cpp_experiment/Pu240_source/plot_track.py", line 17
    neutron_track = track.filter(particle='neutron')
    ^
IndentationError: expected an indented block after 'for' statement on line 16
/openmc_venv/lib/python3.11/site-packages/openmc/config.py:62: UserWarning: '/global/home/users/toniooppi/nuclear_data/chain-endf-b8.0.xml' does not exist.
  warnings.warn(f"'{value}' does not exist.")
  File "/global/scratch/users/toniooppi/Nuclear_stuff/Cpp_experiment/Pu240_source/plot_track.py", line 17
    neutron_track = track.filter(particle='neutron')
    ^
IndentationError: expected an indented block after 'for' statement on line 16
/openmc_venv/lib/python3.11/site-packages/openmc/config.py:62: UserWarning: '/global/home/users/toniooppi/nuclear_data/chain-endf-b8.0.xml' does not exist.
  warnings.warn(f"'{value}' does not exist.")
  File "/global/scratch/users/toniooppi/Nuclear_stuff/Cpp_experiment/Pu240_source/plot_track.py", line 17
    neutron_track = track.filter(particle='neutron')
    ^
IndentationError: expected an indented block after 'for' statement on line 16
/openmc_venv/lib/python3.11/site-packages/openmc/config.py:62: UserWarning: '/global/home/users/toniooppi/nuclear_data/chain-endf-b8.0.xml' does not exist.
  warnings.warn(f"'{value}' does not exist.")
  File "/global/scratch/users/toniooppi/Nuclear_stuff/Cpp_experiment/Pu240_source/plot_track.py", line 17
    neutron_track = track.filter(particle='neutron')
    ^
IndentationError: expected an indented block after 'for' statement on line 16
/openmc_venv/lib/python3.11/site-packages/openmc/config.py:62: UserWarning: '/global/home/users/toniooppi/nuclear_data/chain-endf-b8.0.xml' does not exist.
  warnings.warn(f"'{value}' does not exist.")
  File "/global/scratch/users/toniooppi/Nuclear_stuff/Cpp_experiment/Pu240_source/plot_track.py", line 17
    neutron_track = track.filter(particle='neutron')
    ^
IndentationError: expected an indented block after 'for' statement on line 16
/openmc_venv/lib/python3.11/site-packages/openmc/config.py:62: UserWarning: '/global/home/users/toniooppi/nuclear_data/chain-endf-b8.0.xml' does not exist.
  warnings.warn(f"'{value}' does not exist.")
  File "/global/scratch/users/toniooppi/Nuclear_stuff/Cpp_experiment/Pu240_source/plot_track.py", line 17
    neutron_track = track.filter(particle='neutron')
    ^
IndentationError: expected an indented block after 'for' statement on line 16
/openmc_venv/lib/python3.11/site-packages/openmc/config.py:62: UserWarning: '/global/home/users/toniooppi/nuclear_data/chain-endf-b8.0.xml' does not exist.
  warnings.warn(f"'{value}' does not exist.")
  File "/global/scratch/users/toniooppi/Nuclear_stuff/Cpp_experiment/Pu240_source/plot_track.py", line 17
    neutron_track = track.filter(particle='neutron')
    ^
IndentationError: expected an indented block after 'for' statement on line 16
/openmc_venv/lib/python3.11/site-packages/openmc/config.py:62: UserWarning: '/global/home/users/toniooppi/nuclear_data/chain-endf-b8.0.xml' does not exist.
  warnings.warn(f"'{value}' does not exist.")
  File "/global/scratch/users/toniooppi/Nuclear_stuff/Cpp_experiment/Pu240_source/plot_track.py", line 17
    neutron_track = track.filter(particle='neutron')
    ^
IndentationError: expected an indented block after 'for' statement on line 16
/openmc_venv/lib/python3.11/site-packages/openmc/config.py:62: UserWarning: '/global/home/users/toniooppi/nuclear_data/chain-endf-b8.0.xml' does not exist.
  warnings.warn(f"'{value}' does not exist.")
  File "/global/scratch/users/toniooppi/Nuclear_stuff/Cpp_experiment/Pu240_source/plot_track.py", line 17
    neutron_track = track.filter(particle='neutron')
    ^
IndentationError: expected an indented block after 'for' statement on line 16
/openmc_venv/lib/python3.11/site-packages/openmc/config.py:62: UserWarning: '/global/home/users/toniooppi/nuclear_data/chain-endf-b8.0.xml' does not exist.
  warnings.warn(f"'{value}' does not exist.")
  File "/global/scratch/users/toniooppi/Nuclear_stuff/Cpp_experiment/Pu240_source/plot_track.py", line 17
    neutron_track = track.filter(particle='neutron')
    ^
IndentationError: expected an indented block after 'for' statement on line 16
/openmc_venv/lib/python3.11/site-packages/openmc/config.py:62: UserWarning: '/global/home/users/toniooppi/nuclear_data/chain-endf-b8.0.xml' does not exist.
  warnings.warn(f"'{value}' does not exist.")
  File "/global/scratch/users/toniooppi/Nuclear_stuff/Cpp_experiment/Pu240_source/plot_track.py", line 17
    neutron_track = track.filter(particle='neutron')
    ^
IndentationError: expected an indented block after 'for' statement on line 16
/openmc_venv/lib/python3.11/site-packages/openmc/config.py:62: UserWarning: '/global/home/users/toniooppi/nuclear_data/chain-endf-b8.0.xml' does not exist.
  warnings.warn(f"'{value}' does not exist.")
  File "/global/scratch/users/toniooppi/Nuclear_stuff/Cpp_experiment/Pu240_source/plot_track.py", line 17
    neutron_track = track.filter(particle='neutron')
    ^
IndentationError: expected an indented block after 'for' statement on line 16
/openmc_venv/lib/python3.11/site-packages/openmc/config.py:62: UserWarning: '/global/home/users/toniooppi/nuclear_data/chain-endf-b8.0.xml' does not exist.
  warnings.warn(f"'{value}' does not exist.")
  File "/global/scratch/users/toniooppi/Nuclear_stuff/Cpp_experiment/Pu240_source/plot_track.py", line 17
    neutron_track = track.filter(particle='neutron')
    ^
IndentationError: expected an indented block after 'for' statement on line 16
/openmc_venv/lib/python3.11/site-packages/openmc/config.py:62: UserWarning: '/global/home/users/toniooppi/nuclear_data/chain-endf-b8.0.xml' does not exist.
  warnings.warn(f"'{value}' does not exist.")
  File "/global/scratch/users/toniooppi/Nuclear_stuff/Cpp_experiment/Pu240_source/plot_track.py", line 17
    neutron_track = track.filter(particle='neutron')
    ^
IndentationError: expected an indented block after 'for' statement on line 16
/openmc_venv/lib/python3.11/site-packages/openmc/config.py:62: UserWarning: '/global/home/users/toniooppi/nuclear_data/chain-endf-b8.0.xml' does not exist.
  warnings.warn(f"'{value}' does not exist.")
  File "/global/scratch/users/toniooppi/Nuclear_stuff/Cpp_experiment/Pu240_source/plot_track.py", line 17
    neutron_track = track.filter(particle='neutron')
    ^
IndentationError: expected an indented block after 'for' statement on line 16
/openmc_venv/lib/python3.11/site-packages/openmc/config.py:62: UserWarning: '/global/home/users/toniooppi/nuclear_data/chain-endf-b8.0.xml' does not exist.
  warnings.warn(f"'{value}' does not exist.")
  File "/global/scratch/users/toniooppi/Nuclear_stuff/Cpp_experiment/Pu240_source/plot_track.py", line 17
    neutron_track = track.filter(particle='neutron')
    ^
IndentationError: expected an indented block after 'for' statement on line 16
/openmc_venv/lib/python3.11/site-packages/openmc/config.py:62: UserWarning: '/global/home/users/toniooppi/nuclear_data/chain-endf-b8.0.xml' does not exist.
  warnings.warn(f"'{value}' does not exist.")
  File "/global/scratch/users/toniooppi/Nuclear_stuff/Cpp_experiment/Pu240_source/plot_track.py", line 17
    neutron_track = track.filter(particle='neutron')
    ^
IndentationError: expected an indented block after 'for' statement on line 16
/openmc_venv/lib/python3.11/site-packages/openmc/config.py:62: UserWarning: '/global/home/users/toniooppi/nuclear_data/chain-endf-b8.0.xml' does not exist.
  warnings.warn(f"'{value}' does not exist.")
  File "/global/scratch/users/toniooppi/Nuclear_stuff/Cpp_experiment/Pu240_source/plot_track.py", line 17
    neutron_track = track.filter(particle='neutron')
    ^
IndentationError: expected an indented block after 'for' statement on line 16
/openmc_venv/lib/python3.11/site-packages/openmc/config.py:62: UserWarning: '/global/home/users/toniooppi/nuclear_data/chain-endf-b8.0.xml' does not exist.
  warnings.warn(f"'{value}' does not exist.")
  File "/global/scratch/users/toniooppi/Nuclear_stuff/Cpp_experiment/Pu240_source/plot_track.py", line 17
    neutron_track = track.filter(particle='neutron')
    ^
IndentationError: expected an indented block after 'for' statement on line 16
/openmc_venv/lib/python3.11/site-packages/openmc/config.py:62: UserWarning: '/global/home/users/toniooppi/nuclear_data/chain-endf-b8.0.xml' does not exist.
  warnings.warn(f"'{value}' does not exist.")
  File "/global/scratch/users/toniooppi/Nuclear_stuff/Cpp_experiment/Pu240_source/plot_track.py", line 17
    neutron_track = track.filter(particle='neutron')
    ^
IndentationError: expected an indented block after 'for' statement on line 16
/openmc_venv/lib/python3.11/site-packages/openmc/config.py:62: UserWarning: '/global/home/users/toniooppi/nuclear_data/chain-endf-b8.0.xml' does not exist.
  warnings.warn(f"'{value}' does not exist.")
  File "/global/scratch/users/toniooppi/Nuclear_stuff/Cpp_experiment/Pu240_source/plot_track.py", line 17
    neutron_track = track.filter(particle='neutron')
    ^
IndentationError: expected an indented block after 'for' statement on line 16
/openmc_venv/lib/python3.11/site-packages/openmc/config.py:62: UserWarning: '/global/home/users/toniooppi/nuclear_data/chain-endf-b8.0.xml' does not exist.
  warnings.warn(f"'{value}' does not exist.")
